2021-09-08 15:47:34 Loading main app package /tmp/.mount_obsidi713NEK/resources/obsidian.asar
2021-09-08 15:47:34 Checking for update using Github
2021-09-08 15:47:35 Success.
2021-09-08 15:47:35 Latest version is 0.12.15
2021-09-08 15:47:35 App is up to date.
2021-09-08 15:57:51 Loading main app package /tmp/.mount_obsidiXOrFvt/resources/obsidian.asar
2021-09-08 15:57:52 Checking for update using Github
2021-09-08 15:57:52 Success.
2021-09-08 15:57:52 Latest version is 0.12.15
2021-09-08 15:57:52 App is up to date.
2021-09-08 16:46:25 Loading main app package /tmp/.mount_obsidizlNBVa/resources/obsidian.asar
2021-09-08 16:46:26 Checking for update using Github
2021-09-08 16:46:26 Success.
2021-09-08 16:46:26 Latest version is 0.12.15
2021-09-08 16:46:26 App is up to date.
2021-09-08 16:55:16 Loading main app package /tmp/.mount_obsidij10Rli/resources/obsidian.asar
2021-09-08 16:55:16 Checking for update using Github
2021-09-08 16:55:17 Success.
2021-09-08 16:55:17 Latest version is 0.12.15
2021-09-08 16:55:17 App is up to date.
2021-09-08 17:43:46 Loading main app package /tmp/.mount_obsidiI7zxCq/resources/obsidian.asar
2021-09-08 17:43:47 Checking for update using Github
2021-09-08 17:43:47 Success.
2021-09-08 17:43:47 Latest version is 0.12.15
2021-09-08 17:43:47 App is up to date.
2021-09-11 16:06:44 Loading main app package /tmp/.mount_obsidilvALNh/resources/obsidian.asar
2021-09-11 16:06:45 Checking for update using Github
2021-09-11 16:06:45 Success.
2021-09-11 16:06:45 Latest version is 0.12.15
2021-09-11 16:06:45 App is up to date.
2021-09-11 17:06:44 Checking for update using Github
2021-09-11 17:06:44 Success.
2021-09-11 17:06:44 Latest version is 0.12.15
2021-09-11 17:06:44 App is up to date.
2021-09-12 06:15:53 Loading main app package /tmp/.mount_obsidioZDMGH/resources/obsidian.asar
2021-09-12 06:15:54 Checking for update using Github
2021-09-12 06:15:54 Success.
2021-09-12 06:15:54 Latest version is 0.12.15
2021-09-12 06:15:54 App is up to date.
2021-09-13 12:06:01 Loading main app package /tmp/.mount_obsidin2Is2i/resources/obsidian.asar
2021-09-13 12:06:02 Checking for update using Github
2021-09-13 12:06:02 Success.
2021-09-13 12:06:02 Latest version is 0.12.15
2021-09-13 12:06:02 App is up to date.
2021-09-13 13:02:59 Loading main app package /tmp/.mount_obsidieOgfMM/resources/obsidian.asar
2021-09-13 13:03:00 Checking for update using Github
2021-09-13 13:03:01 Success.
2021-09-13 13:03:01 Latest version is 0.12.15
2021-09-13 13:03:01 App is up to date.
2021-09-13 14:03:00 Checking for update using Github
2021-09-13 14:03:00 Success.
2021-09-13 14:03:00 Latest version is 0.12.15
2021-09-13 14:03:00 App is up to date.
2021-09-13 15:03:00 Checking for update using Github
2021-09-13 15:03:00 Success.
2021-09-13 15:03:00 Latest version is 0.12.15
2021-09-13 15:03:00 App is up to date.
2021-09-13 16:03:00 Checking for update using Github
2021-09-13 16:03:00 Success.
2021-09-13 16:03:00 Latest version is 0.12.15
2021-09-13 16:03:00 App is up to date.
2021-09-13 17:03:00 Checking for update using Github
2021-09-13 17:03:00 Success.
2021-09-13 17:03:00 Latest version is 0.12.15
2021-09-13 17:03:00 App is up to date.
2021-09-13 18:03:00 Checking for update using Github
2021-09-13 18:03:00 Success.
2021-09-13 18:03:00 Latest version is 0.12.15
2021-09-13 18:03:00 App is up to date.
2021-09-13 19:03:00 Checking for update using Github
2021-09-13 19:03:00 Success.
2021-09-13 19:03:00 Latest version is 0.12.15
2021-09-13 19:03:00 App is up to date.
2021-09-13 20:03:00 Checking for update using Github
2021-09-13 20:03:00 Success.
2021-09-13 20:03:00 Latest version is 0.12.15
2021-09-13 20:03:00 App is up to date.
2021-09-13 21:03:00 Checking for update using Github
2021-09-13 21:03:00 Success.
2021-09-13 21:03:00 Latest version is 0.12.15
2021-09-13 21:03:00 App is up to date.
2021-09-15 17:10:09 Loading main app package /tmp/.mount_obsidieQmqbi/resources/obsidian.asar
2021-09-15 17:10:10 Checking for update using Github
2021-09-15 17:10:11 Success.
2021-09-15 17:10:11 Latest version is 0.12.15
2021-09-15 17:10:11 App is up to date.
2021-09-15 18:10:10 Checking for update using Github
2021-09-15 18:10:10 Success.
2021-09-15 18:10:10 Latest version is 0.12.15
2021-09-15 18:10:10 App is up to date.
2021-09-18 06:39:04 Loading main app package /tmp/.mount_obsidiTqTYAv/resources/obsidian.asar
2021-09-18 06:39:05 Checking for update using Github
2021-09-18 06:39:05 Success.
2021-09-18 06:39:05 Latest version is 0.12.15
2021-09-18 06:39:05 App is up to date.
2021-09-19 09:25:57 Loading main app package /tmp/.mount_obsidiRA4muB/resources/obsidian.asar
2021-09-19 09:25:58 Checking for update using Github
2021-09-19 09:25:58 Success.
2021-09-19 09:25:58 Latest version is 0.12.15
2021-09-19 09:25:58 App is up to date.
2021-09-19 10:25:57 Checking for update using Github
2021-09-19 10:25:57 Success.
2021-09-19 10:25:57 Latest version is 0.12.15
2021-09-19 10:25:57 App is up to date.
2021-09-19 11:25:57 Checking for update using Github
2021-09-19 11:25:57 Success.
2021-09-19 11:25:57 Latest version is 0.12.15
2021-09-19 11:25:57 App is up to date.
2021-09-19 12:25:57 Checking for update using Github
2021-09-19 12:25:58 Success.
2021-09-19 12:25:58 Latest version is 0.12.15
2021-09-19 12:25:58 App is up to date.
2021-09-19 13:25:58 Checking for update using Github
2021-09-19 13:25:58 Success.
2021-09-19 13:25:58 Latest version is 0.12.15
2021-09-19 13:25:58 App is up to date.
2021-09-19 14:25:58 Checking for update using Github
2021-09-19 14:25:58 Success.
2021-09-19 14:25:58 Latest version is 0.12.15
2021-09-19 14:25:58 App is up to date.
2021-09-28 11:44:54 Loading main app package /tmp/.mount_obsidi0Xg8Kq/resources/obsidian.asar
2021-09-28 11:44:55 Checking for update using Github
2021-09-28 11:44:55 Success.
2021-09-28 11:44:55 Latest version is 0.12.15
2021-09-28 11:44:55 App is up to date.
2021-09-28 12:44:54 Checking for update using Github
2021-09-28 12:44:54 Success.
2021-09-28 12:44:54 Latest version is 0.12.15
2021-09-28 12:44:54 App is up to date.
2021-09-28 13:44:54 Checking for update using Github
2021-09-28 13:44:54 Success.
2021-09-28 13:44:54 Latest version is 0.12.15
2021-09-28 13:44:54 App is up to date.
2021-09-28 14:44:54 Checking for update using Github
2021-09-28 14:44:54 Success.
2021-09-28 14:44:54 Latest version is 0.12.15
2021-09-28 14:44:54 App is up to date.
2021-09-28 15:44:54 Checking for update using Github
2021-09-28 15:44:54 Success.
2021-09-28 15:44:54 Latest version is 0.12.15
2021-09-28 15:44:54 App is up to date.
2021-10-24 11:35:51 Loading main app package /tmp/.mount_obsidiO8uqXv/resources/obsidian.asar
2021-10-24 11:35:52 Checking for update using Github
2021-10-24 11:35:52 Success.
2021-10-24 11:35:52 Latest version is 0.12.19
2021-10-24 11:35:52 App is up to date.
2021-10-24 12:35:51 Checking for update using Github
2021-10-24 12:35:52 Success.
2021-10-24 12:35:52 Latest version is 0.12.19
2021-10-24 12:35:52 App is up to date.
2021-10-24 13:35:51 Checking for update using Github
2021-10-24 13:35:52 Success.
2021-10-24 13:35:52 Latest version is 0.12.19
2021-10-24 13:35:52 App is up to date.
2021-10-24 14:35:52 Checking for update using Github
2021-10-24 14:35:52 Success.
2021-10-24 14:35:52 Latest version is 0.12.19
2021-10-24 14:35:52 App is up to date.
2021-10-24 15:35:52 Checking for update using Github
2021-10-24 15:35:52 Success.
2021-10-24 15:35:52 Latest version is 0.12.19
2021-10-24 15:35:52 App is up to date.
2021-10-24 16:35:52 Checking for update using Github
2021-10-24 16:35:52 Success.
2021-10-24 16:35:52 Latest version is 0.12.19
2021-10-24 16:35:52 App is up to date.
2021-10-24 17:35:52 Checking for update using Github
2021-10-24 17:35:52 Success.
2021-10-24 17:35:52 Latest version is 0.12.19
2021-10-24 17:35:52 App is up to date.
